# JRE version: Java(TM) SE Runtime Environment (8.0-b132) (build 1.8.0-b132)
# Java VM: Java HotSpot(TM) 64-Bit Server VM (25.0-b70 mixed mode windows-amd64 compressed oops)
Heap:
 PSYoungGen      total 37376K, used 6935K [0x00000000eab00000, 0x00000000ee200000, 0x0000000100000000)
  eden space 31232K, 6% used [0x00000000eab00000,0x00000000ead0bbc0,0x00000000ec980000)
  from space 6144K, 78% used [0x00000000edc00000,0x00000000ee0ba370,0x00000000ee200000)
  to   space 4608K, 0% used [0x00000000ec980000,0x00000000ec980000,0x00000000ece00000)
 ParOldGen       total 129536K, used 28767K [0x00000000c0000000, 0x00000000c7e80000, 0x00000000eab00000)
  object space 129536K, 22% used [0x00000000c0000000,0x00000000c1c17f98,0x00000000c7e80000)
 Metaspace       used 7419K, capacity 7906K, committed 8064K, reserved 1056768K
  class space    used 752K, capacity 786K, committed 896K, reserved 1048576K
GC Heap History (10 events):
Event: 1.636 GC heap before
{Heap before GC invocations=13 (full 0):
 PSYoungGen      total 23040K, used 22129K [0x00000000eab00000, 0x00000000ec680000, 0x0000000100000000)
  eden space 19456K, 97% used [0x00000000eab00000,0x00000000ebd8cc28,0x00000000ebe00000)
  from space 3584K, 87% used [0x00000000ec200000,0x00000000ec50f8a8,0x00000000ec580000)
  to   space 4096K, 0% used [0x00000000ebe00000,0x00000000ebe00000,0x00000000ec200000)
 ParOldGen       total 129536K, used 8910K [0x00000000c0000000, 0x00000000c7e80000, 0x00000000eab00000)
  object space 129536K, 6% used [0x00000000c0000000,0x00000000c08b3be0,0x00000000c7e80000)
 Metaspace       used 7346K, capacity 7906K, committed 8064K, reserved 1056768K
  class space    used 751K, capacity 786K, committed 896K, reserved 1048576K
Event: 1.640 GC heap after
Heap after GC invocations=13 (full 0):
 PSYoungGen      total 23552K, used 3801K [0x00000000eab00000, 0x00000000ed280000, 0x0000000100000000)
  eden space 19456K, 0% used [0x00000000eab00000,0x00000000eab00000,0x00000000ebe00000)
  from space 4096K, 92% used [0x00000000ebe00000,0x00000000ec1b64e0,0x00000000ec200000)
  to   space 4608K, 0% used [0x00000000ece00000,0x00000000ece00000,0x00000000ed280000)
 ParOldGen       total 129536K, used 11026K [0x00000000c0000000, 0x00000000c7e80000, 0x00000000eab00000)
  object space 129536K, 8% used [0x00000000c0000000,0x00000000c0ac4a48,0x00000000c7e80000)
 Metaspace       used 7346K, capacity 7906K, committed 8064K, reserved 1056768K
  class space    used 751K, capacity 786K, committed 896K, reserved 1048576K
}
Event: 1.776 GC heap before
{Heap before GC invocations=14 (full 0):
 PSYoungGen      total 23552K, used 22921K [0x00000000eab00000, 0x00000000ed280000, 0x0000000100000000)
  eden space 19456K, 98% used [0x00000000eab00000,0x00000000ebdac0c8,0x00000000ebe00000)
  from space 4096K, 92% used [0x00000000ebe00000,0x00000000ec1b64e0,0x00000000ec200000)
  to   space 4608K, 0% used [0x00000000ece00000,0x00000000ece00000,0x00000000ed280000)
 ParOldGen       total 129536K, used 11026K [0x00000000c0000000, 0x00000000c7e80000, 0x00000000eab00000)
  object space 129536K, 8% used [0x00000000c0000000,0x00000000c0ac4a48,0x00000000c7e80000)
 Metaspace       used 7379K, capacity 7906K, committed 8064K, reserved 1056768K
  class space    used 752K, capacity 786K, committed 896K, reserved 1048576K
Event: 1.780 GC heap after
Heap after GC invocations=14 (full 0):
 PSYoungGen      total 35840K, used 1397K [0x00000000eab00000, 0x00000000ed280000, 0x0000000100000000)
  eden space 31232K, 0% used [0x00000000eab00000,0x00000000eab00000,0x00000000ec980000)
  from space 4608K, 30% used [0x00000000ece00000,0x00000000ecf5d4d0,0x00000000ed280000)
  to   space 4608K, 0% used [0x00000000ec980000,0x00000000ec980000,0x00000000ece00000)
 ParOldGen       total 129536K, used 13709K [0x00000000c0000000, 0x00000000c7e80000, 0x00000000eab00000)
  object space 129536K, 10% used [0x00000000c0000000,0x00000000c0d63648,0x00000000c7e80000)
 Metaspace       used 7379K, capacity 7906K, committed 8064K, reserved 1056768K
  class space    used 752K, capacity 786K, committed 896K, reserved 1048576K
}
Event: 1.919 GC heap before
{Heap before GC invocations=15 (full 0):
 PSYoungGen      total 35840K, used 32629K [0x00000000eab00000, 0x00000000ed280000, 0x0000000100000000)
  eden space 31232K, 100% used [0x00000000eab00000,0x00000000ec980000,0x00000000ec980000)
  from space 4608K, 30% used [0x00000000ece00000,0x00000000ecf5d4d0,0x00000000ed280000)
  to   space 4608K, 0% used [0x00000000ec980000,0x00000000ec980000,0x00000000ece00000)
 ParOldGen       total 129536K, used 13709K [0x00000000c0000000, 0x00000000c7e80000, 0x00000000eab00000)
  object space 129536K, 10% used [0x00000000c0000000,0x00000000c0d63648,0x00000000c7e80000)
 Metaspace       used 7393K, capacity 7906K, committed 8064K, reserved 1056768K
  class space    used 752K, capacity 786K, committed 896K, reserved 1048576K
Event: 1.923 GC heap after
Heap after GC invocations=15 (full 0):
 PSYoungGen      total 35840K, used 4529K [0x00000000eab00000, 0x00000000ed280000, 0x0000000100000000)
  eden space 31232K, 0% used [0x00000000eab00000,0x00000000eab00000,0x00000000ec980000)
  from space 4608K, 98% used [0x00000000ec980000,0x00000000ecdec508,0x00000000ece00000)
  to   space 4608K, 0% used [0x00000000ece00000,0x00000000ece00000,0x00000000ed280000)
 ParOldGen       total 129536K, used 14974K [0x00000000c0000000, 0x00000000c7e80000, 0x00000000eab00000)
  object space 129536K, 11% used [0x00000000c0000000,0x00000000c0e9fb88,0x00000000c7e80000)
 Metaspace       used 7393K, capacity 7906K, committed 8064K, reserved 1056768K
  class space    used 752K, capacity 786K, committed 896K, reserved 1048576K
}
Event: 2.044 GC heap before
{Heap before GC invocations=16 (full 0):
 PSYoungGen      total 35840K, used 35761K [0x00000000eab00000, 0x00000000ed280000, 0x0000000100000000)
  eden space 31232K, 100% used [0x00000000eab00000,0x00000000ec980000,0x00000000ec980000)
  from space 4608K, 98% used [0x00000000ec980000,0x00000000ecdec508,0x00000000ece00000)
  to   space 4608K, 0% used [0x00000000ece00000,0x00000000ece00000,0x00000000ed280000)
 ParOldGen       total 129536K, used 14974K [0x00000000c0000000, 0x00000000c7e80000, 0x00000000eab00000)
  object space 129536K, 11% used [0x00000000c0000000,0x00000000c0e9fb88,0x00000000c7e80000)
 Metaspace       used 7406K, capacity 7906K, committed 8064K, reserved 1056768K
  class space    used 752K, capacity 786K, committed 896K, reserved 1048576K
Event: 2.046 GC heap after
Heap after GC invocations=16 (full 0):
 PSYoungGen      total 35840K, used 3841K [0x00000000eab00000, 0x00000000ed280000, 0x0000000100000000)
  eden space 31232K, 0% used [0x00000000eab00000,0x00000000eab00000,0x00000000ec980000)
  from space 4608K, 83% used [0x00000000ece00000,0x00000000ed1c0440,0x00000000ed280000)
  to   space 4608K, 0% used [0x00000000ec980000,0x00000000ec980000,0x00000000ece00000)
 ParOldGen       total 129536K, used 18896K [0x00000000c0000000, 0x00000000c7e80000, 0x00000000eab00000)
  object space 129536K, 14% used [0x00000000c0000000,0x00000000c1274188,0x00000000c7e80000)
 Metaspace       used 7406K, capacity 7906K, committed 8064K, reserved 1056768K
  class space    used 752K, capacity 786K, committed 896K, reserved 1048576K
}
Event: 2.152 GC heap before
{Heap before GC invocations=17 (full 0):
 PSYoungGen      total 35840K, used 35073K [0x00000000eab00000, 0x00000000ed280000, 0x0000000100000000)
  eden space 31232K, 100% used [0x00000000eab00000,0x00000000ec980000,0x00000000ec980000)
  from space 4608K, 83% used [0x00000000ece00000,0x00000000ed1c0440,0x00000000ed280000)
  to   space 4608K, 0% used [0x00000000ec980000,0x00000000ec980000,0x00000000ece00000)
 ParOldGen       total 129536K, used 18896K [0x00000000c0000000, 0x00000000c7e80000, 0x00000000eab00000)
  object space 129536K, 14% used [0x00000000c0000000,0x00000000c1274188,0x00000000c7e80000)
 Metaspace       used 7412K, capacity 7906K, committed 8064K, reserved 1056768K
  class space    used 752K, capacity 786K, committed 896K, reserved 1048576K
Event: 2.154 GC heap after
Heap after GC invocations=17 (full 0):
 PSYoungGen      total 35840K, used 4269K [0x00000000eab00000, 0x00000000ee200000, 0x0000000100000000)
  eden space 31232K, 0% used [0x00000000eab00000,0x00000000eab00000,0x00000000ec980000)
  from space 4608K, 92% used [0x00000000ec980000,0x00000000ecdab6a0,0x00000000ece00000)
  to   space 6144K, 0% used [0x00000000edc00000,0x00000000edc00000,0x00000000ee200000)
 ParOldGen       total 129536K, used 24756K [0x00000000c0000000, 0x00000000c7e80000, 0x00000000eab00000)
  object space 129536K, 19% used [0x00000000c0000000,0x00000000c182d148,0x00000000c7e80000)
 Metaspace       used 7412K, capacity 7906K, committed 8064K, reserved 1056768K
  class space    used 752K, capacity 786K, committed 896K, reserved 1048576K
}

