# JRE version: Java(TM) SE Runtime Environment (8.0-b132) (build 1.8.0-b132)
# Java VM: Java HotSpot(TM) 64-Bit Server VM (25.0-b70 mixed mode windows-amd64 compressed oops)
Heap:
 PSYoungGen      total 51200K, used 26456K [0x00000000eab00000, 0x00000000ee500000, 0x0000000100000000)
  eden space 46080K, 46% used [0x00000000eab00000,0x00000000ebfde018,0x00000000ed800000)
  from space 5120K, 99% used [0x00000000ede00000,0x00000000ee2f8178,0x00000000ee300000)
  to   space 6144K, 0% used [0x00000000ed800000,0x00000000ed800000,0x00000000ede00000)
 ParOldGen       total 129536K, used 15867K [0x00000000c0000000, 0x00000000c7e80000, 0x00000000eab00000)
  object space 129536K, 12% used [0x00000000c0000000,0x00000000c0f7ed50,0x00000000c7e80000)
 Metaspace       used 7404K, capacity 7906K, committed 8064K, reserved 1056768K
  class space    used 751K, capacity 786K, committed 896K, reserved 1048576K
GC Heap History (10 events):
Event: 0.864 GC heap before
{Heap before GC invocations=11 (full 0):
 PSYoungGen      total 15872K, used 14656K [0x00000000eab00000, 0x00000000ebe00000, 0x0000000100000000)
  eden space 12288K, 100% used [0x00000000eab00000,0x00000000eb700000,0x00000000eb700000)
  from space 3584K, 66% used [0x00000000eba80000,0x00000000ebcd0010,0x00000000ebe00000)
  to   space 3584K, 0% used [0x00000000eb700000,0x00000000eb700000,0x00000000eba80000)
 ParOldGen       total 129536K, used 4811K [0x00000000c0000000, 0x00000000c7e80000, 0x00000000eab00000)
  object space 129536K, 3% used [0x00000000c0000000,0x00000000c04b2d68,0x00000000c7e80000)
 Metaspace       used 5528K, capacity 6896K, committed 7040K, reserved 1056768K
  class space    used 555K, capacity 616K, committed 640K, reserved 1048576K
Event: 0.870 GC heap after
Heap after GC invocations=11 (full 0):
 PSYoungGen      total 15872K, used 2208K [0x00000000eab00000, 0x00000000ec580000, 0x0000000100000000)
  eden space 12288K, 0% used [0x00000000eab00000,0x00000000eab00000,0x00000000eb700000)
  from space 3584K, 61% used [0x00000000eb700000,0x00000000eb928010,0x00000000eba80000)
  to   space 3584K, 0% used [0x00000000ec200000,0x00000000ec200000,0x00000000ec580000)
 ParOldGen       total 129536K, used 7019K [0x00000000c0000000, 0x00000000c7e80000, 0x00000000eab00000)
  object space 129536K, 5% used [0x00000000c0000000,0x00000000c06daf50,0x00000000c7e80000)
 Metaspace       used 5528K, capacity 6896K, committed 7040K, reserved 1056768K
  class space    used 555K, capacity 616K, committed 640K, reserved 1048576K
}
Event: 0.936 GC heap before
{Heap before GC invocations=12 (full 0):
 PSYoungGen      total 15872K, used 14452K [0x00000000eab00000, 0x00000000ec580000, 0x0000000100000000)
  eden space 12288K, 99% used [0x00000000eab00000,0x00000000eb6f50e8,0x00000000eb700000)
  from space 3584K, 61% used [0x00000000eb700000,0x00000000eb928010,0x00000000eba80000)
  to   space 3584K, 0% used [0x00000000ec200000,0x00000000ec200000,0x00000000ec580000)
 ParOldGen       total 129536K, used 7019K [0x00000000c0000000, 0x00000000c7e80000, 0x00000000eab00000)
  object space 129536K, 5% used [0x00000000c0000000,0x00000000c06daf50,0x00000000c7e80000)
 Metaspace       used 5543K, capacity 6896K, committed 7040K, reserved 1056768K
  class space    used 556K, capacity 616K, committed 640K, reserved 1048576K
Event: 0.943 GC heap after
Heap after GC invocations=12 (full 0):
 PSYoungGen      total 22016K, used 3567K [0x00000000eab00000, 0x00000000ec880000, 0x0000000100000000)
  eden space 18432K, 0% used [0x00000000eab00000,0x00000000eab00000,0x00000000ebd00000)
  from space 3584K, 99% used [0x00000000ec200000,0x00000000ec57bca8,0x00000000ec580000)
  to   space 5120K, 0% used [0x00000000ebd00000,0x00000000ebd00000,0x00000000ec200000)
 ParOldGen       total 129536K, used 9073K [0x00000000c0000000, 0x00000000c7e80000, 0x00000000eab00000)
  object space 129536K, 7% used [0x00000000c0000000,0x00000000c08dc510,0x00000000c7e80000)
 Metaspace       used 5543K, capacity 6896K, committed 7040K, reserved 1056768K
  class space    used 556K, capacity 616K, committed 640K, reserved 1048576K
}
Event: 1.301 GC heap before
{Heap before GC invocations=13 (full 0):
 PSYoungGen      total 22016K, used 21317K [0x00000000eab00000, 0x00000000ec880000, 0x0000000100000000)
  eden space 18432K, 96% used [0x00000000eab00000,0x00000000ebc55a28,0x00000000ebd00000)
  from space 3584K, 99% used [0x00000000ec200000,0x00000000ec57bca8,0x00000000ec580000)
  to   space 5120K, 0% used [0x00000000ebd00000,0x00000000ebd00000,0x00000000ec200000)
 ParOldGen       total 129536K, used 9073K [0x00000000c0000000, 0x00000000c7e80000, 0x00000000eab00000)
  object space 129536K, 7% used [0x00000000c0000000,0x00000000c08dc510,0x00000000c7e80000)
 Metaspace       used 7342K, capacity 7906K, committed 8064K, reserved 1056768K
  class space    used 751K, capacity 786K, committed 896K, reserved 1048576K
Event: 1.305 GC heap after
Heap after GC invocations=13 (full 0):
 PSYoungGen      total 23552K, used 3820K [0x00000000eab00000, 0x00000000ed200000, 0x0000000100000000)
  eden space 18432K, 0% used [0x00000000eab00000,0x00000000eab00000,0x00000000ebd00000)
  from space 5120K, 74% used [0x00000000ebd00000,0x00000000ec0bb3e8,0x00000000ec200000)
  to   space 5120K, 0% used [0x00000000ecd00000,0x00000000ecd00000,0x00000000ed200000)
 ParOldGen       total 129536K, used 11188K [0x00000000c0000000, 0x00000000c7e80000, 0x00000000eab00000)
  object space 129536K, 8% used [0x00000000c0000000,0x00000000c0aed378,0x00000000c7e80000)
 Metaspace       used 7342K, capacity 7906K, committed 8064K, reserved 1056768K
  class space    used 751K, capacity 786K, committed 896K, reserved 1048576K
}
Event: 1.376 GC heap before
{Heap before GC invocations=14 (full 0):
 PSYoungGen      total 23552K, used 21398K [0x00000000eab00000, 0x00000000ed200000, 0x0000000100000000)
  eden space 18432K, 95% used [0x00000000eab00000,0x00000000ebc2a5e0,0x00000000ebd00000)
  from space 5120K, 74% used [0x00000000ebd00000,0x00000000ec0bb3e8,0x00000000ec200000)
  to   space 5120K, 0% used [0x00000000ecd00000,0x00000000ecd00000,0x00000000ed200000)
 ParOldGen       total 129536K, used 11188K [0x00000000c0000000, 0x00000000c7e80000, 0x00000000eab00000)
  object space 129536K, 8% used [0x00000000c0000000,0x00000000c0aed378,0x00000000c7e80000)
 Metaspace       used 7374K, capacity 7906K, committed 8064K, reserved 1056768K
  class space    used 751K, capacity 786K, committed 896K, reserved 1048576K
Event: 1.379 GC heap after
Heap after GC invocations=14 (full 0):
 PSYoungGen      total 34304K, used 3295K [0x00000000eab00000, 0x00000000ed300000, 0x0000000100000000)
  eden space 29184K, 0% used [0x00000000eab00000,0x00000000eab00000,0x00000000ec780000)
  from space 5120K, 64% used [0x00000000ecd00000,0x00000000ed037db8,0x00000000ed200000)
  to   space 5632K, 0% used [0x00000000ec780000,0x00000000ec780000,0x00000000ecd00000)
 ParOldGen       total 129536K, used 13887K [0x00000000c0000000, 0x00000000c7e80000, 0x00000000eab00000)
  object space 129536K, 10% used [0x00000000c0000000,0x00000000c0d8fd58,0x00000000c7e80000)
 Metaspace       used 7374K, capacity 7906K, committed 8064K, reserved 1056768K
  class space    used 751K, capacity 786K, committed 896K, reserved 1048576K
}
Event: 1.506 GC heap before
{Heap before GC invocations=15 (full 0):
 PSYoungGen      total 34304K, used 31748K [0x00000000eab00000, 0x00000000ed300000, 0x0000000100000000)
  eden space 29184K, 97% used [0x00000000eab00000,0x00000000ec6c9308,0x00000000ec780000)
  from space 5120K, 64% used [0x00000000ecd00000,0x00000000ed037db8,0x00000000ed200000)
  to   space 5632K, 0% used [0x00000000ec780000,0x00000000ec780000,0x00000000ecd00000)
 ParOldGen       total 129536K, used 13887K [0x00000000c0000000, 0x00000000c7e80000, 0x00000000eab00000)
  object space 129536K, 10% used [0x00000000c0000000,0x00000000c0d8fd58,0x00000000c7e80000)
 Metaspace       used 7391K, capacity 7906K, committed 8064K, reserved 1056768K
  class space    used 751K, capacity 786K, committed 896K, reserved 1048576K
Event: 1.507 GC heap after
Heap after GC invocations=15 (full 0):
 PSYoungGen      total 34816K, used 1736K [0x00000000eab00000, 0x00000000ee300000, 0x0000000100000000)
  eden space 29184K, 0% used [0x00000000eab00000,0x00000000eab00000,0x00000000ec780000)
  from space 5632K, 30% used [0x00000000ec780000,0x00000000ec932370,0x00000000ecd00000)
  to   space 5120K, 0% used [0x00000000ede00000,0x00000000ede00000,0x00000000ee300000)
 ParOldGen       total 129536K, used 13895K [0x00000000c0000000, 0x00000000c7e80000, 0x00000000eab00000)
  object space 129536K, 10% used [0x00000000c0000000,0x00000000c0d91d58,0x00000000c7e80000)
 Metaspace       used 7391K, capacity 7906K, committed 8064K, reserved 1056768K
  class space    used 751K, capacity 786K, committed 896K, reserved 1048576K
}

