# JRE version: Java(TM) SE Runtime Environment (8.0-b132) (build 1.8.0-b132)
# Java VM: Java HotSpot(TM) 64-Bit Server VM (25.0-b70 mixed mode windows-amd64 compressed oops)
Heap:
 PSYoungGen      total 50176K, used 39373K [0x00000000eab00000, 0x00000000ee400000, 0x0000000100000000)
  eden space 43520K, 79% used [0x00000000eab00000,0x00000000eccb2b10,0x00000000ed580000)
  from space 6656K, 73% used [0x00000000edc80000,0x00000000ee140b48,0x00000000ee300000)
  to   space 7168K, 0% used [0x00000000ed580000,0x00000000ed580000,0x00000000edc80000)
 ParOldGen       total 129536K, used 25027K [0x00000000c0000000, 0x00000000c7e80000, 0x00000000eab00000)
  object space 129536K, 19% used [0x00000000c0000000,0x00000000c1870e18,0x00000000c7e80000)
 Metaspace       used 7414K, capacity 7906K, committed 8064K, reserved 1056768K
  class space    used 752K, capacity 786K, committed 896K, reserved 1048576K
GC Heap History (10 events):
Event: 1.933 GC heap before
{Heap before GC invocations=14 (full 0):
 PSYoungGen      total 23552K, used 22969K [0x00000000eab00000, 0x00000000ed480000, 0x0000000100000000)
  eden space 19456K, 97% used [0x00000000eab00000,0x00000000ebd6ef40,0x00000000ebe00000)
  from space 4096K, 99% used [0x00000000ebe00000,0x00000000ec1ff6d8,0x00000000ec200000)
  to   space 5632K, 0% used [0x00000000ecf00000,0x00000000ecf00000,0x00000000ed480000)
 ParOldGen       total 129536K, used 11370K [0x00000000c0000000, 0x00000000c7e80000, 0x00000000eab00000)
  object space 129536K, 8% used [0x00000000c0000000,0x00000000c0b1aa58,0x00000000c7e80000)
 Metaspace       used 7369K, capacity 7906K, committed 8064K, reserved 1056768K
  class space    used 751K, capacity 786K, committed 896K, reserved 1048576K
Event: 1.935 GC heap after
Heap after GC invocations=14 (full 0):
 PSYoungGen      total 36864K, used 2603K [0x00000000eab00000, 0x00000000ed480000, 0x0000000100000000)
  eden space 31232K, 0% used [0x00000000eab00000,0x00000000eab00000,0x00000000ec980000)
  from space 5632K, 46% used [0x00000000ecf00000,0x00000000ed18ac20,0x00000000ed480000)
  to   space 5632K, 0% used [0x00000000ec980000,0x00000000ec980000,0x00000000ecf00000)
 ParOldGen       total 129536K, used 14061K [0x00000000c0000000, 0x00000000c7e80000, 0x00000000eab00000)
  object space 129536K, 10% used [0x00000000c0000000,0x00000000c0dbb6d0,0x00000000c7e80000)
 Metaspace       used 7369K, capacity 7906K, committed 8064K, reserved 1056768K
  class space    used 751K, capacity 786K, committed 896K, reserved 1048576K
}
Event: 2.026 GC heap before
{Heap before GC invocations=15 (full 0):
 PSYoungGen      total 36864K, used 33835K [0x00000000eab00000, 0x00000000ed480000, 0x0000000100000000)
  eden space 31232K, 100% used [0x00000000eab00000,0x00000000ec980000,0x00000000ec980000)
  from space 5632K, 46% used [0x00000000ecf00000,0x00000000ed18ac20,0x00000000ed480000)
  to   space 5632K, 0% used [0x00000000ec980000,0x00000000ec980000,0x00000000ecf00000)
 ParOldGen       total 129536K, used 14061K [0x00000000c0000000, 0x00000000c7e80000, 0x00000000eab00000)
  object space 129536K, 10% used [0x00000000c0000000,0x00000000c0dbb6d0,0x00000000c7e80000)
 Metaspace       used 7384K, capacity 7906K, committed 8064K, reserved 1056768K
  class space    used 751K, capacity 786K, committed 896K, reserved 1048576K
Event: 2.027 GC heap after
Heap after GC invocations=15 (full 0):
 PSYoungGen      total 36864K, used 3564K [0x00000000eab00000, 0x00000000ed480000, 0x0000000100000000)
  eden space 31232K, 0% used [0x00000000eab00000,0x00000000eab00000,0x00000000ec980000)
  from space 5632K, 63% used [0x00000000ec980000,0x00000000eccfb2f0,0x00000000ecf00000)
  to   space 5632K, 0% used [0x00000000ecf00000,0x00000000ecf00000,0x00000000ed480000)
 ParOldGen       total 129536K, used 14069K [0x00000000c0000000, 0x00000000c7e80000, 0x00000000eab00000)
  object space 129536K, 10% used [0x00000000c0000000,0x00000000c0dbd6d0,0x00000000c7e80000)
 Metaspace       used 7384K, capacity 7906K, committed 8064K, reserved 1056768K
  class space    used 751K, capacity 786K, committed 896K, reserved 1048576K
}
Event: 2.115 GC heap before
{Heap before GC invocations=16 (full 0):
 PSYoungGen      total 36864K, used 34796K [0x00000000eab00000, 0x00000000ed480000, 0x0000000100000000)
  eden space 31232K, 100% used [0x00000000eab00000,0x00000000ec980000,0x00000000ec980000)
  from space 5632K, 63% used [0x00000000ec980000,0x00000000eccfb2f0,0x00000000ecf00000)
  to   space 5632K, 0% used [0x00000000ecf00000,0x00000000ecf00000,0x00000000ed480000)
 ParOldGen       total 129536K, used 14069K [0x00000000c0000000, 0x00000000c7e80000, 0x00000000eab00000)
  object space 129536K, 10% used [0x00000000c0000000,0x00000000c0dbd6d0,0x00000000c7e80000)
 Metaspace       used 7397K, capacity 7906K, committed 8064K, reserved 1056768K
  class space    used 752K, capacity 786K, committed 896K, reserved 1048576K
Event: 2.117 GC heap after
Heap after GC invocations=16 (full 0):
 PSYoungGen      total 36864K, used 3809K [0x00000000eab00000, 0x00000000ed480000, 0x0000000100000000)
  eden space 31232K, 0% used [0x00000000eab00000,0x00000000eab00000,0x00000000ec980000)
  from space 5632K, 67% used [0x00000000ecf00000,0x00000000ed2b8598,0x00000000ed480000)
  to   space 5632K, 0% used [0x00000000ec980000,0x00000000ec980000,0x00000000ecf00000)
 ParOldGen       total 129536K, used 14077K [0x00000000c0000000, 0x00000000c7e80000, 0x00000000eab00000)
  object space 129536K, 10% used [0x00000000c0000000,0x00000000c0dbf6d0,0x00000000c7e80000)
 Metaspace       used 7397K, capacity 7906K, committed 8064K, reserved 1056768K
  class space    used 752K, capacity 786K, committed 896K, reserved 1048576K
}
Event: 2.196 GC heap before
{Heap before GC invocations=17 (full 0):
 PSYoungGen      total 36864K, used 35041K [0x00000000eab00000, 0x00000000ed480000, 0x0000000100000000)
  eden space 31232K, 100% used [0x00000000eab00000,0x00000000ec980000,0x00000000ec980000)
  from space 5632K, 67% used [0x00000000ecf00000,0x00000000ed2b8598,0x00000000ed480000)
  to   space 5632K, 0% used [0x00000000ec980000,0x00000000ec980000,0x00000000ecf00000)
 ParOldGen       total 129536K, used 14077K [0x00000000c0000000, 0x00000000c7e80000, 0x00000000eab00000)
  object space 129536K, 10% used [0x00000000c0000000,0x00000000c0dbf6d0,0x00000000c7e80000)
 Metaspace       used 7403K, capacity 7906K, committed 8064K, reserved 1056768K
  class space    used 752K, capacity 786K, committed 896K, reserved 1048576K
Event: 2.205 GC heap after
Heap after GC invocations=17 (full 0):
 PSYoungGen      total 36864K, used 5607K [0x00000000eab00000, 0x00000000ee300000, 0x0000000100000000)
  eden space 31232K, 0% used [0x00000000eab00000,0x00000000eab00000,0x00000000ec980000)
  from space 5632K, 99% used [0x00000000ec980000,0x00000000ecef9c68,0x00000000ecf00000)
  to   space 6656K, 0% used [0x00000000edc80000,0x00000000edc80000,0x00000000ee300000)
 ParOldGen       total 129536K, used 20062K [0x00000000c0000000, 0x00000000c7e80000, 0x00000000eab00000)
  object space 129536K, 15% used [0x00000000c0000000,0x00000000c1397828,0x00000000c7e80000)
 Metaspace       used 7403K, capacity 7906K, committed 8064K, reserved 1056768K
  class space    used 752K, capacity 786K, committed 896K, reserved 1048576K
}
Event: 2.254 GC heap before
{Heap before GC invocations=18 (full 0):
 PSYoungGen      total 36864K, used 36839K [0x00000000eab00000, 0x00000000ee300000, 0x0000000100000000)
  eden space 31232K, 100% used [0x00000000eab00000,0x00000000ec980000,0x00000000ec980000)
  from space 5632K, 99% used [0x00000000ec980000,0x00000000ecef9c68,0x00000000ecf00000)
  to   space 6656K, 0% used [0x00000000edc80000,0x00000000edc80000,0x00000000ee300000)
 ParOldGen       total 129536K, used 20062K [0x00000000c0000000, 0x00000000c7e80000, 0x00000000eab00000)
  object space 129536K, 15% used [0x00000000c0000000,0x00000000c1397828,0x00000000c7e80000)
 Metaspace       used 7412K, capacity 7906K, committed 8064K, reserved 1056768K
  class space    used 752K, capacity 786K, committed 896K, reserved 1048576K
Event: 2.258 GC heap after
Heap after GC invocations=18 (full 0):
 PSYoungGen      total 50176K, used 4866K [0x00000000eab00000, 0x00000000ee400000, 0x0000000100000000)
  eden space 43520K, 0% used [0x00000000eab00000,0x00000000eab00000,0x00000000ed580000)
  from space 6656K, 73% used [0x00000000edc80000,0x00000000ee140b48,0x00000000ee300000)
  to   space 7168K, 0% used [0x00000000ed580000,0x00000000ed580000,0x00000000edc80000)
 ParOldGen       total 129536K, used 25027K [0x00000000c0000000, 0x00000000c7e80000, 0x00000000eab00000)
  object space 129536K, 19% used [0x00000000c0000000,0x00000000c1870e18,0x00000000c7e80000)
 Metaspace       used 7412K, capacity 7906K, committed 8064K, reserved 1056768K
  class space    used 752K, capacity 786K, committed 896K, reserved 1048576K
}

