# JRE version: Java(TM) SE Runtime Environment (8.0-b132) (build 1.8.0-b132)
# Java VM: Java HotSpot(TM) 64-Bit Server VM (25.0-b70 mixed mode windows-amd64 compressed oops)
Heap:
 PSYoungGen      total 49152K, used 46641K [0x00000000eab00000, 0x00000000eee00000, 0x0000000100000000)
  eden space 44032K, 95% used [0x00000000eab00000,0x00000000ed3f3718,0x00000000ed600000)
  from space 5120K, 91% used [0x00000000ed600000,0x00000000eda990d8,0x00000000edb00000)
  to   space 5632K, 0% used [0x00000000ee880000,0x00000000ee880000,0x00000000eee00000)
 ParOldGen       total 129536K, used 44829K [0x00000000c0000000, 0x00000000c7e80000, 0x00000000eab00000)
  object space 129536K, 34% used [0x00000000c0000000,0x00000000c2bc7658,0x00000000c7e80000)
 Metaspace       used 7427K, capacity 7906K, committed 8064K, reserved 1056768K
  class space    used 752K, capacity 786K, committed 896K, reserved 1048576K
GC Heap History (10 events):
Event: 1.983 GC heap before
{Heap before GC invocations=21 (full 0):
 PSYoungGen      total 27136K, used 26349K [0x00000000eab00000, 0x00000000ecb80000, 0x0000000100000000)
  eden space 22528K, 100% used [0x00000000eab00000,0x00000000ec100000,0x00000000ec100000)
  from space 4608K, 82% used [0x00000000ec600000,0x00000000ec9bb5c8,0x00000000eca80000)
  to   space 5120K, 0% used [0x00000000ec100000,0x00000000ec100000,0x00000000ec600000)
 ParOldGen       total 129536K, used 17859K [0x00000000c0000000, 0x00000000c7e80000, 0x00000000eab00000)
  object space 129536K, 13% used [0x00000000c0000000,0x00000000c1170df8,0x00000000c7e80000)
 Metaspace       used 7394K, capacity 7906K, committed 8064K, reserved 1056768K
  class space    used 752K, capacity 786K, committed 896K, reserved 1048576K
Event: 1.986 GC heap after
Heap after GC invocations=21 (full 0):
 PSYoungGen      total 27648K, used 2218K [0x00000000eab00000, 0x00000000ed300000, 0x0000000100000000)
  eden space 22528K, 0% used [0x00000000eab00000,0x00000000eab00000,0x00000000ec100000)
  from space 5120K, 43% used [0x00000000ec100000,0x00000000ec32abf8,0x00000000ec600000)
  to   space 4608K, 0% used [0x00000000ece80000,0x00000000ece80000,0x00000000ed300000)
 ParOldGen       total 129536K, used 17867K [0x00000000c0000000, 0x00000000c7e80000, 0x00000000eab00000)
  object space 129536K, 13% used [0x00000000c0000000,0x00000000c1172df8,0x00000000c7e80000)
 Metaspace       used 7394K, capacity 7906K, committed 8064K, reserved 1056768K
  class space    used 752K, capacity 786K, committed 896K, reserved 1048576K
}
Event: 2.047 GC heap before
{Heap before GC invocations=22 (full 0):
 PSYoungGen      total 27648K, used 24746K [0x00000000eab00000, 0x00000000ed300000, 0x0000000100000000)
  eden space 22528K, 100% used [0x00000000eab00000,0x00000000ec100000,0x00000000ec100000)
  from space 5120K, 43% used [0x00000000ec100000,0x00000000ec32abf8,0x00000000ec600000)
  to   space 4608K, 0% used [0x00000000ece80000,0x00000000ece80000,0x00000000ed300000)
 ParOldGen       total 129536K, used 17867K [0x00000000c0000000, 0x00000000c7e80000, 0x00000000eab00000)
  object space 129536K, 13% used [0x00000000c0000000,0x00000000c1172df8,0x00000000c7e80000)
 Metaspace       used 7401K, capacity 7906K, committed 8064K, reserved 1056768K
  class space    used 752K, capacity 786K, committed 896K, reserved 1048576K
Event: 2.050 GC heap after
Heap after GC invocations=22 (full 0):
 PSYoungGen      total 35840K, used 3809K [0x00000000eab00000, 0x00000000ed400000, 0x0000000100000000)
  eden space 31232K, 0% used [0x00000000eab00000,0x00000000eab00000,0x00000000ec980000)
  from space 4608K, 82% used [0x00000000ece80000,0x00000000ed238400,0x00000000ed300000)
  to   space 5120K, 0% used [0x00000000ec980000,0x00000000ec980000,0x00000000ece80000)
 ParOldGen       total 129536K, used 19832K [0x00000000c0000000, 0x00000000c7e80000, 0x00000000eab00000)
  object space 129536K, 15% used [0x00000000c0000000,0x00000000c135e0b8,0x00000000c7e80000)
 Metaspace       used 7401K, capacity 7906K, committed 8064K, reserved 1056768K
  class space    used 752K, capacity 786K, committed 896K, reserved 1048576K
}
Event: 2.121 GC heap before
{Heap before GC invocations=23 (full 0):
 PSYoungGen      total 35840K, used 35041K [0x00000000eab00000, 0x00000000ed400000, 0x0000000100000000)
  eden space 31232K, 100% used [0x00000000eab00000,0x00000000ec980000,0x00000000ec980000)
  from space 4608K, 82% used [0x00000000ece80000,0x00000000ed238400,0x00000000ed300000)
  to   space 5120K, 0% used [0x00000000ec980000,0x00000000ec980000,0x00000000ece80000)
 ParOldGen       total 129536K, used 19832K [0x00000000c0000000, 0x00000000c7e80000, 0x00000000eab00000)
  object space 129536K, 15% used [0x00000000c0000000,0x00000000c135e0b8,0x00000000c7e80000)
 Metaspace       used 7409K, capacity 7906K, committed 8064K, reserved 1056768K
  class space    used 752K, capacity 786K, committed 896K, reserved 1048576K
Event: 2.126 GC heap after
Heap after GC invocations=23 (full 0):
 PSYoungGen      total 36352K, used 2636K [0x00000000eab00000, 0x00000000ee000000, 0x0000000100000000)
  eden space 31232K, 0% used [0x00000000eab00000,0x00000000eab00000,0x00000000ec980000)
  from space 5120K, 51% used [0x00000000ec980000,0x00000000ecc13180,0x00000000ece80000)
  to   space 5120K, 0% used [0x00000000edb00000,0x00000000edb00000,0x00000000ee000000)
 ParOldGen       total 129536K, used 31543K [0x00000000c0000000, 0x00000000c7e80000, 0x00000000eab00000)
  object space 129536K, 24% used [0x00000000c0000000,0x00000000c1ecddb8,0x00000000c7e80000)
 Metaspace       used 7409K, capacity 7906K, committed 8064K, reserved 1056768K
  class space    used 752K, capacity 786K, committed 896K, reserved 1048576K
}
Event: 2.195 GC heap before
{Heap before GC invocations=24 (full 0):
 PSYoungGen      total 36352K, used 32088K [0x00000000eab00000, 0x00000000ee000000, 0x0000000100000000)
  eden space 31232K, 94% used [0x00000000eab00000,0x00000000ec7c2f68,0x00000000ec980000)
  from space 5120K, 51% used [0x00000000ec980000,0x00000000ecc13180,0x00000000ece80000)
  to   space 5120K, 0% used [0x00000000edb00000,0x00000000edb00000,0x00000000ee000000)
 ParOldGen       total 129536K, used 31543K [0x00000000c0000000, 0x00000000c7e80000, 0x00000000eab00000)
  object space 129536K, 24% used [0x00000000c0000000,0x00000000c1ecddb8,0x00000000c7e80000)
 Metaspace       used 7419K, capacity 7906K, committed 8064K, reserved 1056768K
  class space    used 752K, capacity 786K, committed 896K, reserved 1048576K
Event: 2.196 GC heap after
Heap after GC invocations=24 (full 0):
 PSYoungGen      total 49152K, used 3177K [0x00000000eab00000, 0x00000000ee000000, 0x0000000100000000)
  eden space 44032K, 0% used [0x00000000eab00000,0x00000000eab00000,0x00000000ed600000)
  from space 5120K, 62% used [0x00000000edb00000,0x00000000ede1a7a0,0x00000000ee000000)
  to   space 5120K, 0% used [0x00000000ed600000,0x00000000ed600000,0x00000000edb00000)
 ParOldGen       total 129536K, used 31551K [0x00000000c0000000, 0x00000000c7e80000, 0x00000000eab00000)
  object space 129536K, 24% used [0x00000000c0000000,0x00000000c1ecfdb8,0x00000000c7e80000)
 Metaspace       used 7419K, capacity 7906K, committed 8064K, reserved 1056768K
  class space    used 752K, capacity 786K, committed 896K, reserved 1048576K
}
Event: 2.263 GC heap before
{Heap before GC invocations=25 (full 0):
 PSYoungGen      total 49152K, used 47209K [0x00000000eab00000, 0x00000000ee000000, 0x0000000100000000)
  eden space 44032K, 100% used [0x00000000eab00000,0x00000000ed600000,0x00000000ed600000)
  from space 5120K, 62% used [0x00000000edb00000,0x00000000ede1a7a0,0x00000000ee000000)
  to   space 5120K, 0% used [0x00000000ed600000,0x00000000ed600000,0x00000000edb00000)
 ParOldGen       total 129536K, used 31551K [0x00000000c0000000, 0x00000000c7e80000, 0x00000000eab00000)
  object space 129536K, 24% used [0x00000000c0000000,0x00000000c1ecfdb8,0x00000000c7e80000)
 Metaspace       used 7422K, capacity 7906K, committed 8064K, reserved 1056768K
  class space    used 752K, capacity 786K, committed 896K, reserved 1048576K
Event: 2.267 GC heap after
Heap after GC invocations=25 (full 0):
 PSYoungGen      total 49152K, used 4708K [0x00000000eab00000, 0x00000000eee00000, 0x0000000100000000)
  eden space 44032K, 0% used [0x00000000eab00000,0x00000000eab00000,0x00000000ed600000)
  from space 5120K, 91% used [0x00000000ed600000,0x00000000eda990d8,0x00000000edb00000)
  to   space 5632K, 0% used [0x00000000ee880000,0x00000000ee880000,0x00000000eee00000)
 ParOldGen       total 129536K, used 44829K [0x00000000c0000000, 0x00000000c7e80000, 0x00000000eab00000)
  object space 129536K, 34% used [0x00000000c0000000,0x00000000c2bc7658,0x00000000c7e80000)
 Metaspace       used 7422K, capacity 7906K, committed 8064K, reserved 1056768K
  class space    used 752K, capacity 786K, committed 896K, reserved 1048576K
}

